<?xml version="1.0" encoding="UTF-8"?>
<!-- Generated by org.testng.reporters.JUnitReportReporter -->
<testsuite hostname="Navaishu" failures="0" tests="1" name="page.LoginPage" time="39.564" errors="0" timestamp="2024-08-01T21:56:48 IST" skipped="0">
  <testcase classname="page.LoginPage" name="base" time="39.564"/>
  <system-out/>
</testsuite> <!-- page.LoginPage -->
