<?xml version="1.0" encoding="UTF-8"?>
<!-- Generated by org.testng.reporters.JUnitReportReporter -->
<testsuite hostname="Navaishu" failures="0" tests="1" name="test.LoginTest" time="45.429" errors="0" timestamp="2024-08-02T12:16:15 IST" skipped="0">
  <testcase classname="test.LoginTest" name="loginTest" time="45.429"/>
  <system-out/>
</testsuite> <!-- test.LoginTest -->
