<?xml version="1.0" encoding="UTF-8"?>
<!-- Generated by org.testng.reporters.JUnitReportReporter -->
<testsuite hostname="Navaishu" failures="0" tests="1" name="base.Base" time="10.586" errors="0" timestamp="2024-08-01T22:31:44 IST" skipped="0">
  <testcase classname="base.Base" name="base" time="10.586"/>
  <system-out/>
</testsuite> <!-- base.Base -->
